java/lang/Object
java/io/Serializable
java/lang/Comparable
java/lang/CharSequence
java/lang/constant/Constable
java/lang/constant/ConstantDesc
java/lang/String
java/lang/reflect/AnnotatedElement
java/lang/reflect/GenericDeclaration
java/lang/reflect/Type
java/lang/invoke/TypeDescriptor
java/lang/invoke/TypeDescriptor$OfField
java/lang/Class
java/lang/Cloneable
java/lang/ClassLoader
java/lang/System
java/lang/Throwable
java/lang/Error
java/lang/ThreadDeath
java/lang/Exception
java/lang/RuntimeException
java/lang/SecurityManager
java/security/ProtectionDomain
java/security/AccessControlContext
java/security/AccessController
java/security/SecureClassLoader
java/lang/ReflectiveOperationException
java/lang/ClassNotFoundException
java/lang/Record
java/lang/LinkageError
java/lang/NoClassDefFoundError
java/lang/ClassCastException
java/lang/ArrayStoreException
java/lang/VirtualMachineError
java/lang/OutOfMemoryError
java/lang/StackOverflowError
java/lang/IllegalMonitorStateException
java/lang/ref/Reference
java/lang/ref/SoftReference
java/lang/ref/WeakReference
java/lang/ref/FinalReference
java/lang/ref/PhantomReference
java/lang/ref/Finalizer
java/lang/Runnable
java/lang/Thread
java/lang/Thread$UncaughtExceptionHandler
java/lang/ThreadGroup
java/util/Dictionary
java/util/Map
java/util/Hashtable
java/util/Properties
java/lang/Module
java/lang/reflect/AccessibleObject
java/lang/reflect/Member
java/lang/reflect/Field
java/lang/reflect/Parameter
java/lang/reflect/Executable
java/lang/reflect/Method
java/lang/reflect/Constructor
jdk/internal/reflect/MagicAccessorImpl
jdk/internal/reflect/MethodAccessor
jdk/internal/reflect/MethodAccessorImpl
jdk/internal/reflect/ConstructorAccessor
jdk/internal/reflect/ConstructorAccessorImpl
jdk/internal/reflect/DelegatingClassLoader
jdk/internal/reflect/ConstantPool
jdk/internal/reflect/FieldAccessor
jdk/internal/reflect/FieldAccessorImpl
jdk/internal/reflect/UnsafeFieldAccessorImpl
jdk/internal/reflect/UnsafeStaticFieldAccessorImpl
java/lang/annotation/Annotation
jdk/internal/reflect/CallerSensitive
jdk/internal/reflect/NativeConstructorAccessorImpl
java/lang/invoke/MethodHandle
java/lang/invoke/DirectMethodHandle
java/lang/invoke/VarHandle
java/lang/invoke/MemberName
java/lang/invoke/ResolvedMethodName
java/lang/invoke/MethodHandleNatives
java/lang/invoke/LambdaForm
java/lang/invoke/TypeDescriptor$OfMethod
java/lang/invoke/MethodType
java/lang/BootstrapMethodError
java/lang/invoke/CallSite
java/lang/invoke/MethodHandleNatives$CallSiteContext
java/lang/invoke/ConstantCallSite
java/lang/invoke/MutableCallSite
java/lang/invoke/VolatileCallSite
java/lang/AssertionStatusDirectives
java/lang/Appendable
java/lang/AbstractStringBuilder
java/lang/StringBuffer
java/lang/StringBuilder
jdk/internal/misc/UnsafeConstants
jdk/internal/misc/Unsafe
jdk/internal/module/Modules
java/lang/AutoCloseable
java/io/Closeable
java/io/InputStream
java/io/ByteArrayInputStream
java/net/URL
java/util/jar/Manifest
jdk/internal/loader/ClassLoaders
jdk/internal/loader/BuiltinClassLoader
jdk/internal/loader/ClassLoaders$AppClassLoader
jdk/internal/loader/ClassLoaders$PlatformClassLoader
java/security/CodeSource
java/lang/StackTraceElement
java/nio/Buffer
java/lang/StackWalker
java/lang/StackStreamFactory$AbstractStackWalker
java/lang/StackWalker$StackFrame
java/lang/StackFrameInfo
java/lang/LiveStackFrame
java/lang/LiveStackFrameInfo
java/util/concurrent/locks/AbstractOwnableSynchronizer
java/lang/Boolean
java/lang/Character
java/lang/Number
java/lang/Float
java/lang/Double
java/lang/Byte
java/lang/Short
java/lang/Integer
java/lang/Long
java/util/Iterator
java/lang/reflect/RecordComponent
java/lang/NullPointerException
java/lang/ArithmeticException
java/io/ObjectStreamField
java/util/Comparator
java/lang/String$CaseInsensitiveComparator
java/lang/Iterable
java/util/Collection
java/util/Set
java/util/AbstractCollection
java/util/ImmutableCollections$AbstractImmutableCollection
java/util/ImmutableCollections$AbstractImmutableSet
java/util/ImmutableCollections$Set12
java/util/Objects
jdk/internal/access/JavaLangReflectAccess
java/lang/reflect/ReflectAccess
jdk/internal/access/SharedSecrets
java/security/PrivilegedAction
jdk/internal/reflect/ReflectionFactory$GetReflectionFactoryAction
jdk/internal/reflect/Reflection
java/util/AbstractMap
java/util/ImmutableCollections$AbstractImmutableMap
java/util/ImmutableCollections$MapN
jdk/internal/misc/VM
java/lang/Math
java/security/cert/Certificate
java/util/AbstractSet
java/util/HashSet
java/util/HashMap
java/util/concurrent/ConcurrentMap
java/util/concurrent/ConcurrentHashMap
java/lang/Runtime
java/util/concurrent/locks/Lock
java/util/concurrent/locks/ReentrantLock
java/util/concurrent/ConcurrentHashMap$Segment
java/util/concurrent/ConcurrentHashMap$CounterCell
java/util/Map$Entry
java/util/concurrent/ConcurrentHashMap$Node
java/util/concurrent/locks/LockSupport
java/util/concurrent/ConcurrentHashMap$ReservationNode
jdk/internal/reflect/ReflectionFactory
java/lang/ref/Reference$ReferenceHandler
jdk/internal/ref/Cleaner
java/lang/ref/ReferenceQueue
java/lang/ref/ReferenceQueue$Null
java/lang/ref/ReferenceQueue$Lock
jdk/internal/access/JavaLangRefAccess
java/lang/ref/Reference$1
java/lang/ref/Finalizer$FinalizerThread
jdk/internal/util/SystemProps
jdk/internal/util/SystemProps$Raw
java/lang/StringLatin1
java/util/HashMap$Node
java/util/LinkedHashMap$Entry
java/util/HashMap$TreeNode
java/lang/StringConcatHelper
java/lang/VersionProps
java/util/HashMap$EntrySet
java/util/HashMap$HashIterator
java/util/HashMap$EntryIterator
jdk/internal/util/StaticProperty
java/io/FileInputStream
java/io/FileDescriptor
jdk/internal/access/JavaIOFileDescriptorAccess
java/io/FileDescriptor$1
java/io/Flushable
java/io/OutputStream
java/io/FileOutputStream
java/io/FilterInputStream
java/io/BufferedInputStream
java/io/FilterOutputStream
java/io/PrintStream
java/io/BufferedOutputStream
java/io/Writer
java/io/OutputStreamWriter
java/nio/charset/Charset
java/nio/charset/spi/CharsetProvider
sun/nio/cs/StandardCharsets
java/lang/ThreadLocal
java/util/concurrent/atomic/AtomicInteger
sun/security/action/GetPropertyAction
sun/nio/cs/HistoricallyNamedCharset
sun/nio/cs/Unicode
sun/nio/cs/UTF_8
sun/nio/cs/StreamEncoder
java/nio/charset/CharsetEncoder
sun/nio/cs/UTF_8$Encoder
java/nio/charset/CodingErrorAction
java/util/Arrays
java/nio/ByteBuffer
jdk/internal/access/JavaNioAccess
java/nio/Buffer$1
java/nio/HeapByteBuffer
java/nio/ByteOrder
java/io/BufferedWriter
java/lang/Terminator
jdk/internal/misc/Signal$Handler
java/lang/Terminator$1
jdk/internal/misc/Signal
java/util/Hashtable$Entry
jdk/internal/misc/Signal$NativeHandler
java/lang/Integer$IntegerCache
jdk/internal/misc/OSEnvironment
jdk/internal/access/JavaLangAccess
java/lang/System$2
java/io/File
java/io/DefaultFileSystem
java/io/FileSystem
java/io/UnixFileSystem
java/util/Collections
java/util/Collections$EmptySet
java/util/List
java/util/AbstractList
java/util/RandomAccess
java/util/Collections$EmptyList
java/util/Collections$EmptyMap
java/lang/IllegalArgumentException
java/lang/invoke/MethodHandleStatics
java/lang/CharacterData
java/lang/CharacterDataLatin1
jdk/internal/module/ModuleBootstrap
java/lang/module/ModuleDescriptor
jdk/internal/access/JavaLangModuleAccess
java/lang/module/ModuleDescriptor$1
jdk/internal/module/ModulePatcher
java/util/ImmutableCollections$SetN
jdk/internal/module/ArchivedModuleGraph
java/lang/module/ModuleFinder
jdk/internal/module/SystemModuleFinders$SystemModuleFinder
java/lang/module/ModuleReference
jdk/internal/module/ModuleReferenceImpl
java/lang/module/ModuleDescriptor$Version
java/util/ArrayList
java/lang/module/ModuleDescriptor$Requires
java/lang/Enum
java/lang/module/ModuleDescriptor$Requires$Modifier
java/lang/module/ModuleDescriptor$Exports
java/lang/module/ModuleDescriptor$Opens
java/lang/module/ModuleDescriptor$Provides
java/util/ImmutableCollections$AbstractImmutableList
java/util/ImmutableCollections$List12
java/net/URI
jdk/internal/access/JavaNetUriAccess
java/net/URI$1
java/util/function/Supplier
jdk/internal/module/SystemModuleFinders$2
jdk/internal/module/ModuleHashes$HashSupplier
jdk/internal/module/SystemModuleFinders$3
jdk/internal/module/ModuleTarget
jdk/internal/module/ModuleHashes
java/util/Collections$UnmodifiableMap
java/util/ImmutableCollections$ListN
java/lang/module/Configuration
java/lang/module/ResolvedModule
jdk/internal/module/ModuleBootstrap$Counters
java/util/Optional
jdk/internal/loader/BootLoader
jdk/internal/module/ServicesCatalog
jdk/internal/loader/AbstractClassLoaderValue
jdk/internal/loader/ClassLoaderValue
jdk/internal/loader/ClassLoaders$BootClassLoader
java/lang/ClassLoader$ParallelLoaders
java/util/WeakHashMap
java/util/WeakHashMap$Entry
java/util/Collections$SetFromMap
java/util/WeakHashMap$KeySet
java/util/Vector
jdk/internal/access/JavaSecurityAccess
java/security/ProtectionDomain$JavaSecurityAccessImpl
java/security/ProtectionDomain$Key
java/security/Principal
jdk/internal/loader/URLClassPath
java/net/URLStreamHandlerFactory
java/net/URL$DefaultFactory
jdk/internal/access/JavaNetURLAccess
java/net/URL$3
java/io/File$PathStatus
sun/net/www/ParseUtil
java/net/URLStreamHandler
sun/net/www/protocol/file/Handler
sun/net/util/IPAddressUtil
java/util/Queue
java/util/Deque
java/util/ArrayDeque
jdk/internal/util/Preconditions
jdk/internal/loader/BuiltinClassLoader$LoadedModule
java/util/ImmutableCollections$SetN$SetNIterator
java/util/ImmutableCollections
java/lang/reflect/Array
jdk/internal/module/ModuleLoaderMap
java/util/function/Function
jdk/internal/module/ModuleLoaderMap$Mapper
java/util/ImmutableCollections$Set12$1
java/lang/ModuleLayer
java/util/ArrayList$Itr
java/util/concurrent/CopyOnWriteArrayList
jdk/internal/module/ServicesCatalog$ServiceProvider
java/util/ListIterator
java/util/ImmutableCollections$ListItr
java/util/HashMap$KeySet
java/util/HashMap$KeyIterator
java/lang/ModuleLayer$Controller
jdk/internal/module/IllegalAccessLogger$Mode
jdk/internal/module/IllegalAccessLogger$Builder
java/util/HashMap$Values
java/util/HashMap$ValueIterator
java/util/Collections$UnmodifiableCollection
java/util/Collections$UnmodifiableSet
jdk/internal/module/ModuleBootstrap$2
jdk/internal/module/IllegalAccessLogger
sun/launcher/LauncherHelper
java/lang/StringCoding
sun/nio/cs/ISO_8859_1
sun/nio/cs/US_ASCII
java/lang/StringCoding$1
java/lang/ThreadLocal$ThreadLocalMap
java/lang/ThreadLocal$ThreadLocalMap$Entry
jdk/internal/misc/TerminatingThreadLocal
java/lang/StringCoding$Result
java/util/zip/ZipConstants
java/util/zip/ZipFile
java/util/jar/JarFile
jdk/internal/access/JavaUtilZipFileAccess
java/util/zip/ZipFile$1
jdk/internal/access/JavaUtilJarAccess
java/util/jar/JavaUtilJarAccessImpl
java/lang/Runtime$Version
java/util/zip/ZipCoder
java/util/zip/ZipCoder$UTF8
java/util/zip/ZipFile$CleanableResource
jdk/internal/ref/CleanerFactory
java/util/concurrent/ThreadFactory
jdk/internal/ref/CleanerFactory$1
java/lang/ref/Cleaner
java/lang/ref/Cleaner$1
jdk/internal/ref/CleanerImpl
java/lang/ref/Cleaner$Cleanable
jdk/internal/ref/PhantomCleanable
jdk/internal/ref/CleanerImpl$PhantomCleanableRef
jdk/internal/ref/WeakCleanable
jdk/internal/ref/CleanerImpl$WeakCleanableRef
jdk/internal/ref/SoftCleanable
jdk/internal/ref/CleanerImpl$SoftCleanableRef
jdk/internal/ref/CleanerImpl$CleanerCleanable
jdk/internal/ref/CleanerFactory$1$1
jdk/internal/misc/InnocuousThread
jdk/internal/misc/InnocuousThread$3
jdk/internal/misc/InnocuousThread$2
java/util/zip/ZipFile$Source
java/util/zip/ZipFile$Source$Key
java/nio/file/FileSystems
java/nio/file/FileSystems$DefaultFileSystemHolder
java/nio/file/FileSystems$DefaultFileSystemHolder$1
sun/nio/fs/DefaultFileSystemProvider
java/nio/file/spi/FileSystemProvider
sun/nio/fs/AbstractFileSystemProvider
sun/nio/fs/UnixFileSystemProvider
sun/nio/fs/BsdFileSystemProvider
sun/nio/fs/MacOSXFileSystemProvider
java/nio/file/OpenOption
java/nio/file/StandardOpenOption
java/nio/file/FileSystem
sun/nio/fs/UnixFileSystem
sun/nio/fs/BsdFileSystem
sun/nio/fs/MacOSXFileSystem
java/nio/file/Watchable
java/nio/file/Path
sun/nio/fs/UnixPath
sun/nio/fs/Util
sun/nio/fs/UnixNativeDispatcher
java/lang/ClassLoader$2
java/lang/ClassLoader$NativeLibrary
java/util/ArrayDeque$DeqIterator
java/util/concurrent/ConcurrentHashMap$CollectionView
java/util/concurrent/ConcurrentHashMap$ValuesView
java/util/concurrent/ConcurrentHashMap$Traverser
java/util/concurrent/ConcurrentHashMap$BaseIterator
java/util/Enumeration
java/util/concurrent/ConcurrentHashMap$ValueIterator
java/nio/file/attribute/BasicFileAttributes
java/nio/file/attribute/PosixFileAttributes
sun/nio/fs/UnixFileAttributes
sun/nio/fs/UnixFileStoreAttributes
sun/nio/fs/UnixMountEntry
java/lang/Readable
java/nio/CharBuffer
java/nio/HeapCharBuffer
java/nio/charset/CoderResult
java/net/URI$Parser
java/nio/file/CopyOption
java/nio/file/LinkOption
java/nio/file/Files
java/nio/file/attribute/AttributeView
java/nio/file/attribute/FileAttributeView
java/nio/file/attribute/BasicFileAttributeView
sun/nio/fs/UnixFileAttributeViews
sun/nio/fs/DynamicFileAttributeView
sun/nio/fs/AbstractBasicFileAttributeView
sun/nio/fs/UnixFileAttributeViews$Basic
sun/nio/fs/NativeBuffers
sun/nio/fs/NativeBuffers$1
jdk/internal/misc/TerminatingThreadLocal$1
java/util/IdentityHashMap
java/util/IdentityHashMap$KeySet
sun/nio/fs/NativeBuffer
sun/nio/fs/NativeBuffer$Deallocator
sun/nio/fs/UnixFileAttributes$UnixAsBasicFileAttributes
java/util/concurrent/TimeUnit
java/nio/file/attribute/FileTime
java/io/DataOutput
java/io/DataInput
java/io/RandomAccessFile
jdk/internal/access/JavaIORandomAccessFileAccess
java/io/RandomAccessFile$2
java/io/FileCleanable
java/util/zip/ZipFile$Source$End
java/util/zip/ZipUtils
jdk/internal/perf/PerfCounter
jdk/internal/perf/Perf$GetPerfAction
jdk/internal/perf/Perf
jdk/internal/perf/PerfCounter$CoreCounters
sun/nio/ch/DirectBuffer
java/nio/MappedByteBuffer
java/nio/DirectByteBuffer
java/nio/Bits
java/util/concurrent/atomic/AtomicLong
jdk/internal/access/JavaNioAccess$BufferPool
java/nio/Bits$1
java/nio/LongBuffer
java/nio/DirectLongBufferU
java/util/jar/JarFile$1
java/util/zip/ZipEntry
java/util/jar/JarEntry
java/util/jar/JarFile$JarFileEntry
java/util/zip/ZipFile$ZipFileInputStream
java/util/zip/InflaterInputStream
java/util/zip/ZipFile$ZipFileInflaterInputStream
java/util/zip/Inflater
java/util/zip/Inflater$InflaterZStreamRef
java/util/zip/ZipFile$InflaterCleanupAction
java/util/jar/JarVerifier
sun/security/util/Debug
java/security/CodeSigner
java/io/ByteArrayOutputStream
java/util/jar/Attributes
java/util/LinkedHashMap
java/util/jar/Manifest$FastInputStream
java/util/jar/Attributes$Name
java/io/RandomAccessFile$1
sun/net/util/URLUtil
java/util/Locale
sun/util/locale/BaseLocale
sun/util/locale/LocaleUtils
sun/util/locale/BaseLocale$Key
sun/util/locale/LocaleObjectCache
sun/util/locale/BaseLocale$Cache
sun/util/locale/LocaleObjectCache$CacheEntry
java/util/Locale$Cache
java/security/PrivilegedExceptionAction
jdk/internal/loader/URLClassPath$3
jdk/internal/loader/URLClassPath$Loader
jdk/internal/loader/URLClassPath$JarLoader
sun/net/www/protocol/jar/Handler
jdk/internal/loader/URLClassPath$JarLoader$1
jdk/internal/loader/FileURLMapper
jdk/internal/util/jar/JarIndex
jdk/internal/loader/Resource
jdk/internal/loader/URLClassPath$JarLoader$2
java/lang/NamedPackage
java/lang/Package
java/lang/Package$VersionInfo
sun/nio/ByteBuffered
java/security/SecureClassLoader$CodeSourceKey
java/security/SecureClassLoader$1
java/security/PermissionCollection
sun/security/util/LazyCodeSourcePermissionCollection
java/security/Permissions
java/security/Guard
java/security/Permission
java/security/BasicPermission
java/lang/RuntimePermission
java/security/Permissions$1
java/security/BasicPermissionCollection
java/security/AllPermission
java/security/UnresolvedPermission
java/security/SecureClassLoader$DebugHolder
net/guatejug/App
java/lang/Class$ReflectionData
java/lang/Class$Atomic
java/lang/PublicMethods$MethodList
java/lang/PublicMethods$Key
java/lang/reflect/Modifier
java/lang/Void
java/util/Random
jdk/internal/util/ArraysSupport
java/util/Spliterator
java/util/ArrayList$ArrayListSpliterator
java/util/stream/StreamSupport
java/util/stream/PipelineHelper
java/util/stream/BaseStream
java/util/stream/AbstractPipeline
java/util/stream/Stream
java/util/stream/ReferencePipeline
java/util/stream/ReferencePipeline$Head
java/util/stream/StreamOpFlag
java/util/stream/StreamOpFlag$Type
java/util/stream/StreamOpFlag$MaskBuilder
java/util/EnumMap
java/util/EnumMap$1
java/lang/Class$3
java/util/ImmutableCollections$MapN$1
java/util/ImmutableCollections$MapN$MapNIterator
java/util/KeyValueHolder
sun/reflect/annotation/AnnotationParser
jdk/internal/reflect/NativeMethodAccessorImpl
jdk/internal/reflect/DelegatingMethodAccessorImpl
java/lang/invoke/LambdaMetafactory
java/lang/invoke/MethodHandles$Lookup
java/lang/invoke/MethodType$ConcurrentWeakInternSet
java/lang/invoke/MethodTypeForm
java/lang/invoke/MethodType$ConcurrentWeakInternSet$WeakEntry
java/lang/invoke/MethodHandles
java/lang/invoke/MemberName$Factory
java/lang/reflect/ReflectPermission
sun/invoke/util/VerifyAccess
sun/invoke/util/Wrapper
sun/invoke/util/Wrapper$Format
java/lang/StringUTF16
java/lang/invoke/LambdaForm$NamedFunction
java/lang/invoke/DirectMethodHandle$Holder
sun/invoke/util/ValueConversions
java/lang/invoke/MethodHandleImpl
java/lang/invoke/Invokers
java/lang/invoke/LambdaForm$Kind
java/lang/NoSuchMethodException
java/lang/invoke/LambdaForm$BasicType
java/lang/invoke/LambdaForm$Name
java/lang/invoke/LambdaForm$Holder
java/lang/invoke/MethodHandleImpl$Intrinsic
java/lang/invoke/InvokerBytecodeGenerator
java/lang/invoke/InvokerBytecodeGenerator$2
java/util/function/ToLongFunction
java/lang/IncompatibleClassChangeError
java/lang/NoSuchMethodError
jdk/internal/org/objectweb/asm/ClassVisitor
jdk/internal/org/objectweb/asm/ClassWriter
jdk/internal/org/objectweb/asm/SymbolTable
jdk/internal/org/objectweb/asm/Symbol
jdk/internal/org/objectweb/asm/SymbolTable$Entry
jdk/internal/org/objectweb/asm/ByteVector
sun/invoke/util/BytecodeDescriptor
jdk/internal/org/objectweb/asm/MethodVisitor
jdk/internal/org/objectweb/asm/MethodWriter
jdk/internal/org/objectweb/asm/Type
jdk/internal/org/objectweb/asm/Label
jdk/internal/org/objectweb/asm/Frame
jdk/internal/org/objectweb/asm/AnnotationVisitor
jdk/internal/org/objectweb/asm/AnnotationWriter
java/lang/invoke/InvokerBytecodeGenerator$CpPatch
sun/invoke/util/VerifyType
sun/invoke/empty/Empty
sun/reflect/misc/ReflectUtil
jdk/internal/org/objectweb/asm/Handler
java/lang/invoke/BootstrapMethodInvoker
java/lang/invoke/Invokers$Holder
jdk/internal/access/JavaLangInvokeAccess
java/lang/invoke/MethodHandleImpl$1
java/lang/invoke/AbstractValidatingLambdaMetafactory
java/lang/invoke/InnerClassLambdaMetafactory
sun/security/action/GetBooleanAction
java/lang/invoke/MethodHandleInfo
java/lang/invoke/InfoFromMemberName
java/lang/invoke/TypeConvertingMethodAdapter
java/lang/invoke/InnerClassLambdaMetafactory$ForwardingMethodGenerator
java/lang/invoke/InnerClassLambdaMetafactory$1
jdk/internal/reflect/DelegatingConstructorAccessorImpl
java/lang/invoke/BoundMethodHandle
java/lang/invoke/ClassSpecializer
java/lang/invoke/BoundMethodHandle$Specializer
java/lang/invoke/ClassSpecializer$1
java/lang/invoke/ClassSpecializer$SpeciesData
java/lang/invoke/BoundMethodHandle$SpeciesData
java/util/ImmutableCollections$SubList
java/lang/invoke/ClassSpecializer$Factory
java/lang/invoke/BoundMethodHandle$Specializer$Factory
java/lang/invoke/SimpleMethodHandle
java/lang/NoSuchFieldException
java/lang/invoke/BoundMethodHandle$Species_L
java/lang/invoke/DirectMethodHandle$1
java/lang/invoke/DirectMethodHandle$Accessor
sun/invoke/util/Wrapper$1
java/lang/invoke/DelegatingMethodHandle
java/lang/invoke/MethodHandleImpl$IntrinsicMethodHandle
java/lang/invoke/DelegatingMethodHandle$Holder
java/lang/invoke/LambdaFormEditor
java/lang/invoke/LambdaFormEditor$Transform
java/lang/invoke/LambdaFormBuffer
java/util/concurrent/ConcurrentHashMap$ForwardingNode
java/util/stream/ReferencePipeline$5
java/util/stream/LongPipeline$StatelessOp
java/util/stream/LongPipeline
java/util/stream/LongStream
java/util/stream/StreamShape
java/util/function/LongBinaryOperator
java/util/stream/ReduceOps
java/util/stream/ReduceOps$10
java/util/stream/TerminalOp
java/util/stream/ReduceOps$ReduceOp
java/util/concurrent/Future
java/util/concurrent/ForkJoinTask
java/util/concurrent/CountedCompleter
java/util/stream/AbstractTask
java/util/stream/ReduceOps$ReduceTask
java/util/concurrent/ForkJoinTask$ExceptionNode
java/util/concurrent/locks/AbstractQueuedSynchronizer
java/util/concurrent/locks/ReentrantLock$Sync
java/util/concurrent/locks/ReentrantLock$NonfairSync
java/lang/invoke/VarHandles
java/lang/ClassValue
java/lang/invoke/VarHandles$1
java/lang/ClassValue$Entry
java/lang/ClassValue$Identity
java/lang/ClassValue$Version
java/lang/invoke/VarHandleInts$FieldInstanceReadOnly
java/lang/invoke/VarHandleInts$FieldInstanceReadWrite
java/lang/invoke/VarHandle$1
java/util/function/BiFunction
jdk/internal/util/Preconditions$1
java/lang/invoke/VarHandleGuards
java/lang/invoke/VarForm
java/lang/invoke/VarHandle$AccessType
java/lang/invoke/VarHandle$AccessMode
java/util/concurrent/Executor
java/util/concurrent/ExecutorService
java/util/concurrent/AbstractExecutorService
java/util/concurrent/ForkJoinPool
java/lang/invoke/VarHandleLongs$FieldInstanceReadOnly
java/lang/invoke/VarHandleLongs$FieldInstanceReadWrite
java/lang/invoke/VarHandleReferences$Array
java/util/concurrent/ForkJoinPool$ForkJoinWorkerThreadFactory
java/util/concurrent/ForkJoinPool$DefaultForkJoinWorkerThreadFactory
java/util/concurrent/ForkJoinPool$1
java/util/concurrent/ForkJoinPool$WorkQueue
java/util/concurrent/ForkJoinWorkerThread
java/util/concurrent/ThreadLocalRandom
java/lang/invoke/VarHandle$AccessDescriptor
java/util/concurrent/ForkJoinPool$DefaultForkJoinWorkerThreadFactory$1
java/util/stream/ReduceOps$8ReducingSink
java/util/function/Consumer
java/util/stream/Sink
java/util/stream/TerminalSink
java/util/stream/ReduceOps$AccumulatingSink
java/util/stream/Sink$OfLong
java/util/function/LongConsumer
java/util/stream/ReferencePipeline$5$1
java/util/stream/Sink$ChainedReference
java/util/IdentityHashMap$IdentityHashMapIterator
java/util/IdentityHashMap$KeyIterator
java/lang/Shutdown
java/lang/Shutdown$Lock
